Determining if the pthread_create exist failed with the following output:
Change Dir: /home/tarcisio/NetBeansProjects/catkin_ws/src/robot_cognition_system/src/upd_lib/build/CMakeFiles/CMakeTmp

Run Build Command:"/usr/bin/make" "cmTC_7c67d/fast"
/usr/bin/make -f CMakeFiles/cmTC_7c67d.dir/build.make CMakeFiles/cmTC_7c67d.dir/build
make[1]: Entering directory '/home/tarcisio/NetBeansProjects/catkin_ws/src/robot_cognition_system/src/upd_lib/build/CMakeFiles/CMakeTmp'
Building C object CMakeFiles/cmTC_7c67d.dir/CheckSymbolExists.c.o
/usr/bin/cc     -o CMakeFiles/cmTC_7c67d.dir/CheckSymbolExists.c.o   -c /home/tarcisio/NetBeansProjects/catkin_ws/src/robot_cognition_system/src/upd_lib/build/CMakeFiles/CMakeTmp/CheckSymbolExists.c
Linking C executable cmTC_7c67d
/usr/bin/cmake -E cmake_link_script CMakeFiles/cmTC_7c67d.dir/link.txt --verbose=1
/usr/bin/cc       CMakeFiles/cmTC_7c67d.dir/CheckSymbolExists.c.o  -o cmTC_7c67d -rdynamic 
CMakeFiles/cmTC_7c67d.dir/CheckSymbolExists.c.o: In function `main':
CheckSymbolExists.c:(.text+0x16): undefined reference to `pthread_create'
collect2: error: ld returned 1 exit status
CMakeFiles/cmTC_7c67d.dir/build.make:97: recipe for target 'cmTC_7c67d' failed
make[1]: *** [cmTC_7c67d] Error 1
make[1]: Leaving directory '/home/tarcisio/NetBeansProjects/catkin_ws/src/robot_cognition_system/src/upd_lib/build/CMakeFiles/CMakeTmp'
Makefile:126: recipe for target 'cmTC_7c67d/fast' failed
make: *** [cmTC_7c67d/fast] Error 2

File /home/tarcisio/NetBeansProjects/catkin_ws/src/robot_cognition_system/src/upd_lib/build/CMakeFiles/CMakeTmp/CheckSymbolExists.c:
/* */
#include <pthread.h>

int main(int argc, char** argv)
{
  (void)argv;
#ifndef pthread_create
  return ((int*)(&pthread_create))[argc];
#else
  (void)argc;
  return 0;
#endif
}

Determining if the function pthread_create exists in the pthreads failed with the following output:
Change Dir: /home/tarcisio/NetBeansProjects/catkin_ws/src/robot_cognition_system/src/upd_lib/build/CMakeFiles/CMakeTmp

Run Build Command:"/usr/bin/make" "cmTC_1b38c/fast"
/usr/bin/make -f CMakeFiles/cmTC_1b38c.dir/build.make CMakeFiles/cmTC_1b38c.dir/build
make[1]: Entering directory '/home/tarcisio/NetBeansProjects/catkin_ws/src/robot_cognition_system/src/upd_lib/build/CMakeFiles/CMakeTmp'
Building C object CMakeFiles/cmTC_1b38c.dir/CheckFunctionExists.c.o
/usr/bin/cc    -DCHECK_FUNCTION_EXISTS=pthread_create   -o CMakeFiles/cmTC_1b38c.dir/CheckFunctionExists.c.o   -c /usr/share/cmake-3.5/Modules/CheckFunctionExists.c
Linking C executable cmTC_1b38c
/usr/bin/cmake -E cmake_link_script CMakeFiles/cmTC_1b38c.dir/link.txt --verbose=1
/usr/bin/cc   -DCHECK_FUNCTION_EXISTS=pthread_create    CMakeFiles/cmTC_1b38c.dir/CheckFunctionExists.c.o  -o cmTC_1b38c -rdynamic -lpthreads 
/usr/bin/ld: cannot find -lpthreads
collect2: error: ld returned 1 exit status
CMakeFiles/cmTC_1b38c.dir/build.make:97: recipe for target 'cmTC_1b38c' failed
make[1]: *** [cmTC_1b38c] Error 1
make[1]: Leaving directory '/home/tarcisio/NetBeansProjects/catkin_ws/src/robot_cognition_system/src/upd_lib/build/CMakeFiles/CMakeTmp'
Makefile:126: recipe for target 'cmTC_1b38c/fast' failed
make: *** [cmTC_1b38c/fast] Error 2


